
{"level":"error","message":"Incomplete values","timestamp":"2025-02-04T02:30:14.768Z"}
{"level":"error","message":"Incomplete values","timestamp":"2025-02-04T02:33:28.792Z"}
{"level":"error","message":"Incomplete values","timestamp":"2025-02-04T03:24:46.448Z"}
{"level":"error","message":"Incomplete values","timestamp":"2025-02-04T03:26:34.542Z"}
{"level":"error","message":"Incomplete values","timestamp":"2025-02-04T03:27:11.494Z"}
{"level":"error","message":"No update data provided","timestamp":"2025-02-04T05:37:53.804Z"}
{"level":"error","message":"No update data provided","timestamp":"2025-02-04T05:38:25.527Z"}
{"level":"error","message":"No update data provided","timestamp":"2025-02-04T05:39:03.688Z"}
{"level":"error","message":"No update data provided","timestamp":"2025-02-04T05:41:00.099Z"}
{"level":"error","message":"No update data provided","timestamp":"2025-02-04T05:41:02.486Z"}
{"level":"error","message":"No update data provided","timestamp":"2025-02-04T05:41:31.021Z"}
{"level":"error","message":"No update data provided","timestamp":"2025-02-04T05:41:32.843Z"}
{"level":"error","message":"No update data provided","timestamp":"2025-02-04T05:42:20.017Z"}
{"level":"error","message":"No update data provided","timestamp":"2025-02-04T05:42:38.238Z"}
{"level":"error","message":"No update data provided","timestamp":"2025-02-04T05:42:43.246Z"}
{"level":"error","message":"There is no pet with the ID entered","timestamp":"2025-02-04T06:17:40.086Z"}
{"level":"error","message":"There is no pet with the ID entered","timestamp":"2025-02-04T06:18:50.635Z"}
{"level":"error","message":"There is no pet with the ID entered","timestamp":"2025-02-04T06:29:17.331Z"}
{"level":"error","message":"There is no pet with the ID entered","timestamp":"2025-02-04T06:29:42.172Z"}
{"level":"error","message":"Incomplete values","timestamp":"2025-02-06T04:54:25.074Z"}
{"level":"error","message":"Incomplete values","timestamp":"2025-02-06T04:54:47.205Z"}
{"level":"error","message":"Wrong email format","timestamp":"2025-02-06T04:54:52.232Z"}
{"level":"error","message":"Wrong email format","timestamp":"2025-02-06T04:55:08.639Z"}
{"level":"error","message":"Wrong email format","timestamp":"2025-02-06T04:55:13.800Z"}
{"level":"error","message":"This email is already being used with another account.","timestamp":"2025-02-06T05:38:12.464Z"}
